2025-04-28T01:05:47.074+05:30  INFO 6832 --- [Fraud-Management] [restartedMain] c.f.F.FraudManagementApplication         : Starting FraudManagementApplication using Java 17.0.10 with PID 6832 (/Users/himanshudevi/Desktop/doc/BITS_study_doc/SEM2_latest/Scalable_Services/project/Fraud-Management/target/classes started by himanshudevi in /Users/himanshudevi/Desktop/doc/BITS_study_doc/SEM2_latest/Scalable_Services/project/Fraud-Management)
2025-04-28T01:05:47.078+05:30 DEBUG 6832 --- [Fraud-Management] [restartedMain] c.f.F.FraudManagementApplication         : Running with Spring Boot v3.4.4, Spring v6.2.5
2025-04-28T01:05:47.079+05:30  INFO 6832 --- [Fraud-Management] [restartedMain] c.f.F.FraudManagementApplication         : No active profile set, falling back to 1 default profile: "default"
2025-04-28T01:05:47.145+05:30  INFO 6832 --- [Fraud-Management] [restartedMain] o.s.b.devtools.restart.ChangeableUrls    : The Class-Path manifest attribute in /Users/himanshudevi/.m2/repository/org/apache/kafka/kafka-clients/3.7.0/kafka-clients-3.7.0.jar referenced one or more files that do not exist: file:/Users/himanshudevi/.m2/repository/org/apache/kafka/kafka-clients/3.7.0/zstd-jni-1.5.5-6.jar,file:/Users/himanshudevi/.m2/repository/org/apache/kafka/kafka-clients/3.7.0/lz4-java-1.8.0.jar,file:/Users/himanshudevi/.m2/repository/org/apache/kafka/kafka-clients/3.7.0/snappy-java-1.1.10.5.jar,file:/Users/himanshudevi/.m2/repository/org/apache/kafka/kafka-clients/3.7.0/slf4j-api-1.7.36.jar
2025-04-28T01:05:47.146+05:30  INFO 6832 --- [Fraud-Management] [restartedMain] .e.DevToolsPropertyDefaultsPostProcessor : Devtools property defaults active! Set 'spring.devtools.add-properties' to 'false' to disable
2025-04-28T01:05:47.146+05:30  INFO 6832 --- [Fraud-Management] [restartedMain] .e.DevToolsPropertyDefaultsPostProcessor : For additional web related logging consider setting the 'logging.level.web' property to 'DEBUG'
2025-04-28T01:05:47.970+05:30  INFO 6832 --- [Fraud-Management] [restartedMain] .s.d.r.c.RepositoryConfigurationDelegate : Bootstrapping Spring Data JPA repositories in DEFAULT mode.
2025-04-28T01:05:48.013+05:30  INFO 6832 --- [Fraud-Management] [restartedMain] .s.d.r.c.RepositoryConfigurationDelegate : Finished Spring Data repository scanning in 36 ms. Found 5 JPA repository interfaces.
2025-04-28T01:05:48.611+05:30  INFO 6832 --- [Fraud-Management] [restartedMain] o.s.b.w.embedded.tomcat.TomcatWebServer  : Tomcat initialized with port 8082 (http)
2025-04-28T01:05:48.621+05:30  INFO 6832 --- [Fraud-Management] [restartedMain] o.apache.catalina.core.StandardService   : Starting service [Tomcat]
2025-04-28T01:05:48.621+05:30  INFO 6832 --- [Fraud-Management] [restartedMain] o.apache.catalina.core.StandardEngine    : Starting Servlet engine: [Apache Tomcat/10.1.39]
2025-04-28T01:05:48.653+05:30  INFO 6832 --- [Fraud-Management] [restartedMain] o.a.c.c.C.[Tomcat].[localhost].[/]       : Initializing Spring embedded WebApplicationContext
2025-04-28T01:05:48.653+05:30  INFO 6832 --- [Fraud-Management] [restartedMain] w.s.c.ServletWebServerApplicationContext : Root WebApplicationContext: initialization completed in 1506 ms
2025-04-28T01:05:48.925+05:30  INFO 6832 --- [Fraud-Management] [restartedMain] o.hibernate.jpa.internal.util.LogHelper  : HHH000204: Processing PersistenceUnitInfo [name: default]
2025-04-28T01:05:48.965+05:30  INFO 6832 --- [Fraud-Management] [restartedMain] org.hibernate.Version                    : HHH000412: Hibernate ORM core version 6.4.4.Final
2025-04-28T01:05:48.989+05:30  INFO 6832 --- [Fraud-Management] [restartedMain] o.h.c.internal.RegionFactoryInitiator    : HHH000026: Second-level cache disabled
2025-04-28T01:05:49.126+05:30  INFO 6832 --- [Fraud-Management] [restartedMain] o.s.o.j.p.SpringPersistenceUnitInfo      : No LoadTimeWeaver setup: ignoring JPA class transformer
2025-04-28T01:05:49.146+05:30  INFO 6832 --- [Fraud-Management] [restartedMain] com.zaxxer.hikari.HikariDataSource       : HikariPool-1 - Starting...
2025-04-28T01:05:51.831+05:30  INFO 6832 --- [Fraud-Management] [restartedMain] com.zaxxer.hikari.pool.HikariPool        : HikariPool-1 - Added connection com.mysql.cj.jdbc.ConnectionImpl@6c3d4e11
2025-04-28T01:05:51.833+05:30  INFO 6832 --- [Fraud-Management] [restartedMain] com.zaxxer.hikari.HikariDataSource       : HikariPool-1 - Start completed.
2025-04-28T01:05:51.905+05:30  WARN 6832 --- [Fraud-Management] [restartedMain] org.hibernate.orm.deprecation            : HHH90000025: MySQL8Dialect does not need to be specified explicitly using 'hibernate.dialect' (remove the property setting and it will be selected by default)
2025-04-28T01:05:51.906+05:30  WARN 6832 --- [Fraud-Management] [restartedMain] org.hibernate.orm.deprecation            : HHH90000026: MySQL8Dialect has been deprecated; use org.hibernate.dialect.MySQLDialect instead
2025-04-28T01:05:52.481+05:30  INFO 6832 --- [Fraud-Management] [restartedMain] o.h.e.t.j.p.i.JtaPlatformInitiator       : HHH000489: No JTA platform available (set 'hibernate.transaction.jta.platform' to enable JTA platform integration)
2025-04-28T01:05:52.609+05:30  INFO 6832 --- [Fraud-Management] [restartedMain] j.LocalContainerEntityManagerFactoryBean : Initialized JPA EntityManagerFactory for persistence unit 'default'
2025-04-28T01:05:52.986+05:30  WARN 6832 --- [Fraud-Management] [restartedMain] JpaBaseConfiguration$JpaWebConfiguration : spring.jpa.open-in-view is enabled by default. Therefore, database queries may be performed during view rendering. Explicitly configure spring.jpa.open-in-view to disable this warning
2025-04-28T01:05:53.518+05:30  INFO 6832 --- [Fraud-Management] [restartedMain] o.s.b.d.a.OptionalLiveReloadServer       : LiveReload server is running on port 35729
2025-04-28T01:05:53.526+05:30  INFO 6832 --- [Fraud-Management] [restartedMain] o.s.b.a.e.web.EndpointLinksResolver      : Exposing 1 endpoint beneath base path '/actuator'
2025-04-28T01:05:53.596+05:30  INFO 6832 --- [Fraud-Management] [restartedMain] o.s.b.w.embedded.tomcat.TomcatWebServer  : Tomcat started on port 8082 (http) with context path '/'
2025-04-28T01:05:53.619+05:30  INFO 6832 --- [Fraud-Management] [restartedMain] c.f.F.FraudManagementApplication         : Started FraudManagementApplication in 7.209 seconds (process running for 7.982)
2025-04-28T01:05:59.314+05:30  INFO 6832 --- [Fraud-Management] [http-nio-8082-exec-1] o.a.c.c.C.[Tomcat].[localhost].[/]       : Initializing Spring DispatcherServlet 'dispatcherServlet'
2025-04-28T01:05:59.315+05:30  INFO 6832 --- [Fraud-Management] [http-nio-8082-exec-1] o.s.web.servlet.DispatcherServlet        : Initializing Servlet 'dispatcherServlet'
2025-04-28T01:05:59.319+05:30  INFO 6832 --- [Fraud-Management] [http-nio-8082-exec-1] o.s.web.servlet.DispatcherServlet        : Completed initialization in 3 ms
2025-04-28T01:05:59.909+05:30  INFO 6832 --- [Fraud-Management] [http-nio-8082-exec-1] o.a.k.clients.producer.ProducerConfig    : ProducerConfig values: 
	acks = -1
	auto.include.jmx.reporter = true
	batch.size = 16384
	bootstrap.servers = [192.168.1.9:9092]
	buffer.memory = 33554432
	client.dns.lookup = use_all_dns_ips
	client.id = Fraud-Management-producer-1
	compression.type = none
	connections.max.idle.ms = 540000
	delivery.timeout.ms = 120000
	enable.idempotence = true
	enable.metrics.push = true
	interceptor.classes = []
	key.serializer = class org.apache.kafka.common.serialization.StringSerializer
	linger.ms = 0
	max.block.ms = 60000
	max.in.flight.requests.per.connection = 5
	max.request.size = 1048576
	metadata.max.age.ms = 300000
	metadata.max.idle.ms = 300000
	metric.reporters = []
	metrics.num.samples = 2
	metrics.recording.level = INFO
	metrics.sample.window.ms = 30000
	partitioner.adaptive.partitioning.enable = true
	partitioner.availability.timeout.ms = 0
	partitioner.class = null
	partitioner.ignore.keys = false
	receive.buffer.bytes = 32768
	reconnect.backoff.max.ms = 1000
	reconnect.backoff.ms = 50
	request.timeout.ms = 30000
	retries = 2147483647
	retry.backoff.max.ms = 1000
	retry.backoff.ms = 100
	sasl.client.callback.handler.class = null
	sasl.jaas.config = null
	sasl.kerberos.kinit.cmd = /usr/bin/kinit
	sasl.kerberos.min.time.before.relogin = 60000
	sasl.kerberos.service.name = null
	sasl.kerberos.ticket.renew.jitter = 0.05
	sasl.kerberos.ticket.renew.window.factor = 0.8
	sasl.login.callback.handler.class = null
	sasl.login.class = null
	sasl.login.connect.timeout.ms = null
	sasl.login.read.timeout.ms = null
	sasl.login.refresh.buffer.seconds = 300
	sasl.login.refresh.min.period.seconds = 60
	sasl.login.refresh.window.factor = 0.8
	sasl.login.refresh.window.jitter = 0.05
	sasl.login.retry.backoff.max.ms = 10000
	sasl.login.retry.backoff.ms = 100
	sasl.mechanism = GSSAPI
	sasl.oauthbearer.clock.skew.seconds = 30
	sasl.oauthbearer.expected.audience = null
	sasl.oauthbearer.expected.issuer = null
	sasl.oauthbearer.jwks.endpoint.refresh.ms = 3600000
	sasl.oauthbearer.jwks.endpoint.retry.backoff.max.ms = 10000
	sasl.oauthbearer.jwks.endpoint.retry.backoff.ms = 100
	sasl.oauthbearer.jwks.endpoint.url = null
	sasl.oauthbearer.scope.claim.name = scope
	sasl.oauthbearer.sub.claim.name = sub
	sasl.oauthbearer.token.endpoint.url = null
	security.protocol = PLAINTEXT
	security.providers = null
	send.buffer.bytes = 131072
	socket.connection.setup.timeout.max.ms = 30000
	socket.connection.setup.timeout.ms = 10000
	ssl.cipher.suites = null
	ssl.enabled.protocols = [TLSv1.2, TLSv1.3]
	ssl.endpoint.identification.algorithm = https
	ssl.engine.factory.class = null
	ssl.key.password = null
	ssl.keymanager.algorithm = SunX509
	ssl.keystore.certificate.chain = null
	ssl.keystore.key = null
	ssl.keystore.location = null
	ssl.keystore.password = null
	ssl.keystore.type = JKS
	ssl.protocol = TLSv1.3
	ssl.provider = null
	ssl.secure.random.implementation = null
	ssl.trustmanager.algorithm = PKIX
	ssl.truststore.certificates = null
	ssl.truststore.location = null
	ssl.truststore.password = null
	ssl.truststore.type = JKS
	transaction.timeout.ms = 60000
	transactional.id = null
	value.serializer = class org.springframework.kafka.support.serializer.JsonSerializer

2025-04-28T01:05:59.947+05:30  INFO 6832 --- [Fraud-Management] [http-nio-8082-exec-1] o.a.k.c.t.i.KafkaMetricsCollector        : initializing Kafka metrics collector
2025-04-28T01:05:59.969+05:30  INFO 6832 --- [Fraud-Management] [http-nio-8082-exec-1] o.a.k.clients.producer.KafkaProducer     : [Producer clientId=Fraud-Management-producer-1] Instantiated an idempotent producer.
2025-04-28T01:06:00.019+05:30  INFO 6832 --- [Fraud-Management] [http-nio-8082-exec-1] o.a.kafka.common.utils.AppInfoParser     : Kafka version: 3.7.0
2025-04-28T01:06:00.020+05:30  INFO 6832 --- [Fraud-Management] [http-nio-8082-exec-1] o.a.kafka.common.utils.AppInfoParser     : Kafka commitId: 2ae524ed625438c5
2025-04-28T01:06:00.021+05:30  INFO 6832 --- [Fraud-Management] [http-nio-8082-exec-1] o.a.kafka.common.utils.AppInfoParser     : Kafka startTimeMs: 1745782560017
2025-04-28T01:06:00.380+05:30  INFO 6832 --- [Fraud-Management] [kafka-producer-network-thread | Fraud-Management-producer-1] org.apache.kafka.clients.Metadata        : [Producer clientId=Fraud-Management-producer-1] Cluster ID: sSVZ-e82TxqD6AQ5P4KQZQ
2025-04-28T01:06:00.381+05:30  INFO 6832 --- [Fraud-Management] [kafka-producer-network-thread | Fraud-Management-producer-1] o.a.k.c.p.internals.TransactionManager   : [Producer clientId=Fraud-Management-producer-1] ProducerId set to 9 with epoch 0
2025-04-28T01:12:36.107+05:30  INFO 6832 --- [Fraud-Management] [SpringApplicationShutdownHook] o.s.b.w.e.tomcat.GracefulShutdown        : Commencing graceful shutdown. Waiting for active requests to complete
2025-04-28T01:12:36.119+05:30  INFO 6832 --- [Fraud-Management] [tomcat-shutdown] o.s.b.w.e.tomcat.GracefulShutdown        : Graceful shutdown complete
2025-04-28T01:12:36.126+05:30  INFO 6832 --- [Fraud-Management] [SpringApplicationShutdownHook] o.a.k.clients.producer.KafkaProducer     : [Producer clientId=Fraud-Management-producer-1] Closing the Kafka producer with timeoutMillis = 30000 ms.
2025-04-28T01:12:36.137+05:30  INFO 6832 --- [Fraud-Management] [SpringApplicationShutdownHook] o.apache.kafka.common.metrics.Metrics    : Metrics scheduler closed
2025-04-28T01:12:36.137+05:30  INFO 6832 --- [Fraud-Management] [SpringApplicationShutdownHook] o.apache.kafka.common.metrics.Metrics    : Closing reporter org.apache.kafka.common.metrics.JmxReporter
2025-04-28T01:12:36.137+05:30  INFO 6832 --- [Fraud-Management] [SpringApplicationShutdownHook] o.apache.kafka.common.metrics.Metrics    : Closing reporter org.apache.kafka.common.telemetry.internals.ClientTelemetryReporter
2025-04-28T01:12:36.137+05:30  INFO 6832 --- [Fraud-Management] [SpringApplicationShutdownHook] o.apache.kafka.common.metrics.Metrics    : Metrics reporters closed
2025-04-28T01:12:36.138+05:30  INFO 6832 --- [Fraud-Management] [SpringApplicationShutdownHook] o.a.kafka.common.utils.AppInfoParser     : App info kafka.producer for Fraud-Management-producer-1 unregistered
2025-04-28T01:12:36.147+05:30  INFO 6832 --- [Fraud-Management] [SpringApplicationShutdownHook] j.LocalContainerEntityManagerFactoryBean : Closing JPA EntityManagerFactory for persistence unit 'default'
2025-04-28T01:12:36.154+05:30  INFO 6832 --- [Fraud-Management] [SpringApplicationShutdownHook] com.zaxxer.hikari.HikariDataSource       : HikariPool-1 - Shutdown initiated...
2025-04-28T01:12:36.473+05:30  INFO 6832 --- [Fraud-Management] [SpringApplicationShutdownHook] com.zaxxer.hikari.HikariDataSource       : HikariPool-1 - Shutdown completed.
